This is pdfTeX, Version 3.14159265-2.6-1.40.17 (MiKTeX 2.9) (preloaded format=pdflatex 2016.9.30)  14 DEC 2016 20:35
entering extended mode
**./StatReq.tex
(StatReq.tex
LaTeX2e <2016/03/31> patch level 3
Babel <3.9r> and hyphenation patterns for 75 language(s) loaded.
("C:\Program Files (x86)\MiKTeX 2.9\tex\latex\base\article.cls"
Document Class: article 2014/09/29 v1.4h Standard LaTeX document class
("C:\Program Files (x86)\MiKTeX 2.9\tex\latex\base\size10.clo"
File: size10.clo 2014/09/29 v1.4h Standard LaTeX file (size option)
)
\c@part=\count79
\c@section=\count80
\c@subsection=\count81
\c@subsubsection=\count82
\c@paragraph=\count83
\c@subparagraph=\count84
\c@figure=\count85
\c@table=\count86
\abovecaptionskip=\skip41
\belowcaptionskip=\skip42
\bibindent=\dimen102
) (repsty.sty
Package: repsty 

("C:\Program Files (x86)\MiKTeX 2.9\tex\latex\geometry\geometry.sty"
Package: geometry 2010/09/12 v5.6 Page Geometry

("C:\Program Files (x86)\MiKTeX 2.9\tex\latex\graphics\keyval.sty"
Package: keyval 2014/10/28 v1.15 key=value parser (DPC)
\KV@toks@=\toks14
)
("C:\Program Files (x86)\MiKTeX 2.9\tex\generic\oberdiek\ifpdf.sty"
Package: ifpdf 2016/05/14 v3.1 Provides the ifpdf switch
)
("C:\Program Files (x86)\MiKTeX 2.9\tex\generic\oberdiek\ifvtex.sty"
Package: ifvtex 2016/05/16 v1.6 Detect VTeX and its facilities (HO)
Package ifvtex Info: VTeX not detected.
)
("C:\Program Files (x86)\MiKTeX 2.9\tex\generic\ifxetex\ifxetex.sty"
Package: ifxetex 2010/09/12 v0.6 Provides ifxetex conditional
)
\Gm@cnth=\count87
\Gm@cntv=\count88
\c@Gm@tempcnt=\count89
\Gm@bindingoffset=\dimen103
\Gm@wd@mp=\dimen104
\Gm@odd@mp=\dimen105
\Gm@even@mp=\dimen106
\Gm@layoutwidth=\dimen107
\Gm@layoutheight=\dimen108
\Gm@layouthoffset=\dimen109
\Gm@layoutvoffset=\dimen110
\Gm@dimlist=\toks15

("C:\Program Files (x86)\MiKTeX 2.9\tex\latex\geometry\geometry.cfg"))
("C:\Program Files (x86)\MiKTeX 2.9\tex\latex\ltxmisc\parskip.sty"
Package: parskip 2001/04/09 non-zero parskip adjustments
)
(C:\Users\Аксентьев\AppData\Roaming\MiKTeX\2.9\tex\latex\mathtools\mat
htools.sty
Package: mathtools 2015/11/12 v1.18 mathematical typesetting tools
 ("C:\Program Files (x86)\MiKTeX 2.9\tex\latex\tools\calc.sty"
Package: calc 2014/10/28 v4.3 Infix arithmetic (KKT,FJ)
\calc@Acount=\count90
\calc@Bcount=\count91
\calc@Adimen=\dimen111
\calc@Bdimen=\dimen112
\calc@Askip=\skip43
\calc@Bskip=\skip44
LaTeX Info: Redefining \setlength on input line 80.
LaTeX Info: Redefining \addtolength on input line 81.
\calc@Ccount=\count92
\calc@Cskip=\skip45
)
(C:\Users\Аксентьев\AppData\Roaming\MiKTeX\2.9\tex\latex\mathtools\mhs
etup.sty
Package: mhsetup 2010/01/21 v1.2a programming setup (MH)
) ("C:\Program Files (x86)\MiKTeX 2.9\tex\latex\amsmath\amsmath.sty"
Package: amsmath 2016/06/28 v2.15d AMS math features
\@mathmargin=\skip46

For additional information on amsmath, use the `?' option.
("C:\Program Files (x86)\MiKTeX 2.9\tex\latex\amsmath\amstext.sty"
Package: amstext 2000/06/29 v2.01 AMS text

("C:\Program Files (x86)\MiKTeX 2.9\tex\latex\amsmath\amsgen.sty"
File: amsgen.sty 1999/11/30 v2.0 generic functions
\@emptytoks=\toks16
\ex@=\dimen113
))
("C:\Program Files (x86)\MiKTeX 2.9\tex\latex\amsmath\amsbsy.sty"
Package: amsbsy 1999/11/29 v1.2d Bold Symbols
\pmbraise@=\dimen114
)
("C:\Program Files (x86)\MiKTeX 2.9\tex\latex\amsmath\amsopn.sty"
Package: amsopn 2016/03/08 v2.02 operator names
)
\inf@bad=\count93
LaTeX Info: Redefining \frac on input line 199.
\uproot@=\count94
\leftroot@=\count95
LaTeX Info: Redefining \overline on input line 297.
\classnum@=\count96
\DOTSCASE@=\count97
LaTeX Info: Redefining \ldots on input line 394.
LaTeX Info: Redefining \dots on input line 397.
LaTeX Info: Redefining \cdots on input line 518.
\Mathstrutbox@=\box26
\strutbox@=\box27
\big@size=\dimen115
LaTeX Font Info:    Redeclaring font encoding OML on input line 634.
LaTeX Font Info:    Redeclaring font encoding OMS on input line 635.
\macc@depth=\count98
\c@MaxMatrixCols=\count99
\dotsspace@=\muskip10
\c@parentequation=\count100
\dspbrk@lvl=\count101
\tag@help=\toks17
\row@=\count102
\column@=\count103
\maxfields@=\count104
\andhelp@=\toks18
\eqnshift@=\dimen116
\alignsep@=\dimen117
\tagshift@=\dimen118
\tagwidth@=\dimen119
\totwidth@=\dimen120
\lineht@=\dimen121
\@envbody=\toks19
\multlinegap=\skip47
\multlinetaggap=\skip48
\mathdisplay@stack=\toks20
LaTeX Info: Redefining \[ on input line 2739.
LaTeX Info: Redefining \] on input line 2740.
)
LaTeX Info: Thecontrolsequence`\('isalreadyrobust on input line 129.
LaTeX Info: Thecontrolsequence`\)'isalreadyrobust on input line 129.
LaTeX Info: Thecontrolsequence`\['isalreadyrobust on input line 129.
LaTeX Info: Thecontrolsequence`\]'isalreadyrobust on input line 129.
\g_MT_multlinerow_int=\count105
\l_MT_multwidth_dim=\dimen122
\origjot=\skip49
\l_MT_shortvdotswithinadjustabove_dim=\dimen123
\l_MT_shortvdotswithinadjustbelow_dim=\dimen124
\l_MT_above_intertext_sep=\dimen125
\l_MT_below_intertext_sep=\dimen126
\l_MT_above_shortintertext_sep=\dimen127
\l_MT_below_shortintertext_sep=\dimen128
)
(C:\Users\Аксентьев\AppData\Roaming\MiKTeX\2.9\tex\latex\caption\subca
ption.sty
Package: subcaption 2016/05/22 v1.1-161 Sub-captions (AR)

(C:\Users\Аксентьев\AppData\Roaming\MiKTeX\2.9\tex\latex\caption\capti
on.sty
Package: caption 2016/02/21 v3.3-144 Customizing captions (AR)

(C:\Users\Аксентьев\AppData\Roaming\MiKTeX\2.9\tex\latex\caption\capti
on3.sty
Package: caption3 2016/05/22 v1.7-166 caption3 kernel (AR)
Package caption3 Info: TeX engine: e-TeX on input line 67.
\captionmargin=\dimen129
\captionmargin@=\dimen130
\captionwidth=\dimen131
\caption@tempdima=\dimen132
\caption@indent=\dimen133
\caption@parindent=\dimen134
\caption@hangindent=\dimen135
)
\c@ContinuedFloat=\count106
)
\c@subfigure=\count107
\c@subtable=\count108
)
(C:\Users\Аксентьев\AppData\Roaming\MiKTeX\2.9\tex\latex\l3packages\xp
arse\xparse.sty
(C:\Users\Аксентьев\AppData\Roaming\MiKTeX\2.9\tex\latex\l3kernel\expl
3.sty
Package: expl3 2016/05/18 v6512 L3 programming layer (loader) 

(C:\Users\Аксентьев\AppData\Roaming\MiKTeX\2.9\tex\latex\l3kernel\expl
3-code.tex
Package: expl3 2016/05/18 v6512 L3 programming layer (code)
L3 Module: l3bootstrap 2016/02/12 v6412 L3 Bootstrap code
L3 Module: l3names 2016/03/11 v6433 L3 Namespace for primitives
L3 Module: l3basics 2015/11/22 v6315 L3 Basic definitions
L3 Module: l3expan 2015/09/10 v5983 L3 Argument expansion
L3 Module: l3tl 2016/03/26 v6465 L3 Token lists
L3 Module: l3str 2016/03/24 v6441 L3 Strings
L3 Module: l3seq 2015/08/05 v5777 L3 Sequences and stacks
L3 Module: l3int 2016/03/24 v6441 L3 Integers
\c_max_int=\count109
\l_tmpa_int=\count110
\l_tmpb_int=\count111
\g_tmpa_int=\count112
\g_tmpb_int=\count113
L3 Module: l3quark 2015/08/17 v5855 L3 Quarks
L3 Module: l3prg 2015/11/01 v6216 L3 Control structures
\g__prg_map_int=\count114
L3 Module: l3clist 2015/09/02 v5901 L3 Comma separated lists
L3 Module: l3token 2016/04/03 v6470 L3 Experimental token manipulation
L3 Module: l3prop 2016/01/05 v6366 L3 Property lists
L3 Module: l3msg 2016/03/26 v6464 L3 Messages
L3 Module: l3file 2016/03/25 v6458 L3 File and I/O operations
\l_iow_line_count_int=\count115
\l__iow_target_count_int=\count116
\l__iow_current_line_int=\count117
\l__iow_current_word_int=\count118
\l__iow_current_indentation_int=\count119
L3 Module: l3skip 2016/01/05 v6366 L3 Dimensions and skips
\c_zero_dim=\dimen136
\c_max_dim=\dimen137
\l_tmpa_dim=\dimen138
\l_tmpb_dim=\dimen139
\g_tmpa_dim=\dimen140
\g_tmpb_dim=\dimen141
\c_zero_skip=\skip50
\c_max_skip=\skip51
\l_tmpa_skip=\skip52
\l_tmpb_skip=\skip53
\g_tmpa_skip=\skip54
\g_tmpb_skip=\skip55
\c_zero_muskip=\muskip11
\c_max_muskip=\muskip12
\l_tmpa_muskip=\muskip13
\l_tmpb_muskip=\muskip14
\g_tmpa_muskip=\muskip15
\g_tmpb_muskip=\muskip16
L3 Module: l3keys 2015/11/17 v6284 L3 Key-value interfaces
\g__keyval_level_int=\count120
\l_keys_choice_int=\count121
L3 Module: l3fp 2016/03/26 v6465 L3 Floating points
\c__fp_leading_shift_int=\count122
\c__fp_middle_shift_int=\count123
\c__fp_trailing_shift_int=\count124
\c__fp_big_leading_shift_int=\count125
\c__fp_big_middle_shift_int=\count126
\c__fp_big_trailing_shift_int=\count127
\c__fp_Bigg_leading_shift_int=\count128
\c__fp_Bigg_middle_shift_int=\count129
\c__fp_Bigg_trailing_shift_int=\count130
L3 Module: l3box 2015/08/09 v5822 L3 Experimental boxes
\c_empty_box=\box28
\l_tmpa_box=\box29
\l_tmpb_box=\box30
\g_tmpa_box=\box31
\g_tmpb_box=\box32
L3 Module: l3coffins 2016/05/17 v6508 L3 Coffin code layer
\l__coffin_internal_box=\box33
\l__coffin_internal_dim=\dimen142
\l__coffin_offset_x_dim=\dimen143
\l__coffin_offset_y_dim=\dimen144
\l__coffin_x_dim=\dimen145
\l__coffin_y_dim=\dimen146
\l__coffin_x_prime_dim=\dimen147
\l__coffin_y_prime_dim=\dimen148
\c_empty_coffin=\box34
\l__coffin_aligned_coffin=\box35
\l__coffin_aligned_internal_coffin=\box36
\l_tmpa_coffin=\box37
\l_tmpb_coffin=\box38
\l__coffin_display_coffin=\box39
\l__coffin_display_coord_coffin=\box40
\l__coffin_display_pole_coffin=\box41
\l__coffin_display_offset_dim=\dimen149
\l__coffin_display_x_dim=\dimen150
\l__coffin_display_y_dim=\dimen151
L3 Module: l3color 2014/08/23 v5354 L3 Experimental color support
L3 Module: l3sys 2015/09/25 v6087 L3 Experimental system/runtime functions
L3 Module: l3candidates 2016/05/13 v6484 L3 Experimental additions to l3kernel
\l__box_top_dim=\dimen152
\l__box_bottom_dim=\dimen153
\l__box_left_dim=\dimen154
\l__box_right_dim=\dimen155
\l__box_top_new_dim=\dimen156
\l__box_bottom_new_dim=\dimen157
\l__box_left_new_dim=\dimen158
\l__box_right_new_dim=\dimen159
\l__box_internal_box=\box42
\l__coffin_bounding_shift_dim=\dimen160
\l__coffin_left_corner_dim=\dimen161
\l__coffin_right_corner_dim=\dimen162
\l__coffin_bottom_corner_dim=\dimen163
\l__coffin_top_corner_dim=\dimen164
\l__coffin_scaled_total_height_dim=\dimen165
\l__coffin_scaled_width_dim=\dimen166
L3 Module: l3luatex 2016/03/26 v6465 L3 Experimental LuaTeX-specific functions
)
(C:\Users\Аксентьев\AppData\Roaming\MiKTeX\2.9\tex\latex\l3kernel\l3pd
fmode.def
File: l3pdfmode.def 2016/03/26 v6465 L3 Experimental driver: PDF mode
\l__driver_color_stack_int=\count131
\l__driver_tmp_box=\box43
))
Package: xparse 2016/05/18 v6512 L3 Experimental document command parser
\l__xparse_current_arg_int=\count132
\l__xparse_m_args_int=\count133
\l__xparse_mandatory_args_int=\count134
\l__xparse_processor_int=\count135
\l__xparse_v_nesting_int=\count136
)
(C:\Users\Аксентьев\AppData\Roaming\MiKTeX\2.9\tex\latex\l3packages\xf
rac\xfrac.sty
("C:\Program Files (x86)\MiKTeX 2.9\tex\latex\graphics\graphicx.sty"
Package: graphicx 2014/10/28 v1.0g Enhanced LaTeX Graphics (DPC,SPQR)

("C:\Program Files (x86)\MiKTeX 2.9\tex\latex\graphics\graphics.sty"
Package: graphics 2016/07/10 v1.0t Standard LaTeX Graphics (DPC,SPQR)

("C:\Program Files (x86)\MiKTeX 2.9\tex\latex\graphics\trig.sty"
Package: trig 2016/01/03 v1.10 sin cos tan (DPC)
)
("C:\Program Files (x86)\MiKTeX 2.9\tex\latex\00miktex\graphics.cfg"
File: graphics.cfg 2016/06/04 v1.11 sample graphics configuration
)
Package graphics Info: Driver file: pdftex.def on input line 99.

("C:\Program Files (x86)\MiKTeX 2.9\tex\latex\graphics-def\pdftex.def"
File: pdftex.def 2016/07/10 v0.06j Graphics/color for pdfTeX

("C:\Program Files (x86)\MiKTeX 2.9\tex\generic\oberdiek\infwarerr.sty"
Package: infwarerr 2016/05/16 v1.4 Providing info/warning/error messages (HO)
)
("C:\Program Files (x86)\MiKTeX 2.9\tex\generic\oberdiek\ltxcmds.sty"
Package: ltxcmds 2016/05/16 v1.23 LaTeX kernel commands for general use (HO)
)
\Gread@gobject=\count137
))
\Gin@req@height=\dimen167
\Gin@req@width=\dimen168
)
(C:\Users\Аксентьев\AppData\Roaming\MiKTeX\2.9\tex\latex\l3packages\l3
keys2e\l3keys2e.sty
Package: l3keys2e 2016/05/18 v6512 LaTeX2e option processing using LaTeX3 keys
)
("C:\Program Files (x86)\MiKTeX 2.9\tex\latex\base\textcomp.sty"
Package: textcomp 2016/06/19 v1.99m Standard LaTeX package
Package textcomp Info: Sub-encoding information:
(textcomp)               5 = only ISO-Adobe without \textcurrency
(textcomp)               4 = 5 + \texteuro
(textcomp)               3 = 4 + \textohm
(textcomp)               2 = 3 + \textestimated + \textcurrency
(textcomp)               1 = TS1 - \textcircled - \t
(textcomp)               0 = TS1 (full)
(textcomp)             Font families with sub-encoding setting implement
(textcomp)             only a restricted character set as indicated.
(textcomp)             Family '?' is the default used for unknown fonts.
(textcomp)             See the documentation for details.
Package textcomp Info: Setting ? sub-encoding to TS1/1 on input line 79.

("C:\Program Files (x86)\MiKTeX 2.9\tex\latex\base\ts1enc.def"
File: ts1enc.def 2001/06/05 v3.0e (jk/car/fm) Standard LaTeX file
)
LaTeX Info: Redefining \oldstylenums on input line 334.
Package textcomp Info: Setting cmr sub-encoding to TS1/0 on input line 349.
Package textcomp Info: Setting cmss sub-encoding to TS1/0 on input line 350.
Package textcomp Info: Setting cmtt sub-encoding to TS1/0 on input line 351.
Package textcomp Info: Setting cmvtt sub-encoding to TS1/0 on input line 352.
Package textcomp Info: Setting cmbr sub-encoding to TS1/0 on input line 353.
Package textcomp Info: Setting cmtl sub-encoding to TS1/0 on input line 354.
Package textcomp Info: Setting ccr sub-encoding to TS1/0 on input line 355.
Package textcomp Info: Setting ptm sub-encoding to TS1/4 on input line 356.
Package textcomp Info: Setting pcr sub-encoding to TS1/4 on input line 357.
Package textcomp Info: Setting phv sub-encoding to TS1/4 on input line 358.
Package textcomp Info: Setting ppl sub-encoding to TS1/3 on input line 359.
Package textcomp Info: Setting pag sub-encoding to TS1/4 on input line 360.
Package textcomp Info: Setting pbk sub-encoding to TS1/4 on input line 361.
Package textcomp Info: Setting pnc sub-encoding to TS1/4 on input line 362.
Package textcomp Info: Setting pzc sub-encoding to TS1/4 on input line 363.
Package textcomp Info: Setting bch sub-encoding to TS1/4 on input line 364.
Package textcomp Info: Setting put sub-encoding to TS1/5 on input line 365.
Package textcomp Info: Setting uag sub-encoding to TS1/5 on input line 366.
Package textcomp Info: Setting ugq sub-encoding to TS1/5 on input line 367.
Package textcomp Info: Setting ul8 sub-encoding to TS1/4 on input line 368.
Package textcomp Info: Setting ul9 sub-encoding to TS1/4 on input line 369.
Package textcomp Info: Setting augie sub-encoding to TS1/5 on input line 370.
Package textcomp Info: Setting dayrom sub-encoding to TS1/3 on input line 371.
Package textcomp Info: Setting dayroms sub-encoding to TS1/3 on input line 372.

Package textcomp Info: Setting pxr sub-encoding to TS1/0 on input line 373.
Package textcomp Info: Setting pxss sub-encoding to TS1/0 on input line 374.
Package textcomp Info: Setting pxtt sub-encoding to TS1/0 on input line 375.
Package textcomp Info: Setting txr sub-encoding to TS1/0 on input line 376.
Package textcomp Info: Setting txss sub-encoding to TS1/0 on input line 377.
Package textcomp Info: Setting txtt sub-encoding to TS1/0 on input line 378.
Package textcomp Info: Setting lmr sub-encoding to TS1/0 on input line 379.
Package textcomp Info: Setting lmdh sub-encoding to TS1/0 on input line 380.
Package textcomp Info: Setting lmss sub-encoding to TS1/0 on input line 381.
Package textcomp Info: Setting lmssq sub-encoding to TS1/0 on input line 382.
Package textcomp Info: Setting lmvtt sub-encoding to TS1/0 on input line 383.
Package textcomp Info: Setting lmtt sub-encoding to TS1/0 on input line 384.
Package textcomp Info: Setting qhv sub-encoding to TS1/0 on input line 385.
Package textcomp Info: Setting qag sub-encoding to TS1/0 on input line 386.
Package textcomp Info: Setting qbk sub-encoding to TS1/0 on input line 387.
Package textcomp Info: Setting qcr sub-encoding to TS1/0 on input line 388.
Package textcomp Info: Setting qcs sub-encoding to TS1/0 on input line 389.
Package textcomp Info: Setting qpl sub-encoding to TS1/0 on input line 390.
Package textcomp Info: Setting qtm sub-encoding to TS1/0 on input line 391.
Package textcomp Info: Setting qzc sub-encoding to TS1/0 on input line 392.
Package textcomp Info: Setting qhvc sub-encoding to TS1/0 on input line 393.
Package textcomp Info: Setting futs sub-encoding to TS1/4 on input line 394.
Package textcomp Info: Setting futx sub-encoding to TS1/4 on input line 395.
Package textcomp Info: Setting futj sub-encoding to TS1/4 on input line 396.
Package textcomp Info: Setting hlh sub-encoding to TS1/3 on input line 397.
Package textcomp Info: Setting hls sub-encoding to TS1/3 on input line 398.
Package textcomp Info: Setting hlst sub-encoding to TS1/3 on input line 399.
Package textcomp Info: Setting hlct sub-encoding to TS1/5 on input line 400.
Package textcomp Info: Setting hlx sub-encoding to TS1/5 on input line 401.
Package textcomp Info: Setting hlce sub-encoding to TS1/5 on input line 402.
Package textcomp Info: Setting hlcn sub-encoding to TS1/5 on input line 403.
Package textcomp Info: Setting hlcw sub-encoding to TS1/5 on input line 404.
Package textcomp Info: Setting hlcf sub-encoding to TS1/5 on input line 405.
Package textcomp Info: Setting pplx sub-encoding to TS1/3 on input line 406.
Package textcomp Info: Setting pplj sub-encoding to TS1/3 on input line 407.
Package textcomp Info: Setting ptmx sub-encoding to TS1/4 on input line 408.
Package textcomp Info: Setting ptmj sub-encoding to TS1/4 on input line 409.
)
(C:\Users\Аксентьев\AppData\Roaming\MiKTeX\2.9\tex\latex\l3packages\xt
emplate\xtemplate.sty
Package: xtemplate 2016/05/18 v6512 L3 Experimental prototype document function
s
\l__xtemplate_tmp_dim=\dimen169
\l__xtemplate_tmp_int=\count138
\l__xtemplate_tmp_muskip=\muskip17
\l__xtemplate_tmp_skip=\skip56
)
Package: xfrac 2016/05/18 v6512 L3 Experimental split-level fractions
\l__xfrac_slash_box=\box44
\l__xfrac_tmp_box=\box45
\l__xfrac_denominator_bot_sep_dim=\dimen170
\l__xfrac_numerator_bot_sep_dim=\dimen171
\l__xfrac_numerator_top_sep_dim=\dimen172
\l__xfrac_slash_left_sep_dim=\dimen173
\l__xfrac_slash_right_sep_dim=\dimen174
\l__xfrac_slash_left_muskip=\muskip18
\l__xfrac_slash_right_muskip=\muskip19
.................................................
. xtemplate info: "declare-object-type"
. 
. Declaring object type 'xfrac' taking 3 argument(s) on line 111.
.................................................
.................................................
. LaTeX info: "xparse/define-command"
. 
. Defining command \sfrac with sig. 'omom' on line 451.
.................................................
)
(C:\Users\Аксентьев\AppData\Roaming\MiKTeX\2.9\tex\latex\threeparttabl
e\threeparttable.sty
Package: threeparttable 2003/06/13  v 3.0
\@tempboxb=\box46
)
(C:\Users\Аксентьев\AppData\Roaming\MiKTeX\2.9\tex\latex\url\url.sty
\Urlmuskip=\muskip20
Package: url 2013/09/16  ver 3.4  Verb mode for urls, etc.
)
("C:\Program Files (x86)\MiKTeX 2.9\tex\latex\hyperref\hyperref.sty"
Package: hyperref 2016/06/24 v6.83q Hypertext links for LaTeX

("C:\Program Files (x86)\MiKTeX 2.9\tex\generic\oberdiek\hobsub-hyperref.sty"
Package: hobsub-hyperref 2016/05/16 v1.14 Bundle oberdiek, subset hyperref (HO)


("C:\Program Files (x86)\MiKTeX 2.9\tex\generic\oberdiek\hobsub-generic.sty"
Package: hobsub-generic 2016/05/16 v1.14 Bundle oberdiek, subset generic (HO)
Package: hobsub 2016/05/16 v1.14 Construct package bundles (HO)
Package hobsub Info: Skipping package `infwarerr' (already loaded).
Package hobsub Info: Skipping package `ltxcmds' (already loaded).
Package: ifluatex 2016/05/16 v1.4 Provides the ifluatex switch (HO)
Package ifluatex Info: LuaTeX not detected.
Package hobsub Info: Skipping package `ifvtex' (already loaded).
Package: intcalc 2016/05/16 v1.2 Expandable calculations with integers (HO)
Package hobsub Info: Skipping package `ifpdf' (already loaded).
Package: etexcmds 2016/05/16 v1.6 Avoid name clashes with e-TeX commands (HO)
Package etexcmds Info: Could not find \expanded.
(etexcmds)             That can mean that you are not using pdfTeX 1.50 or
(etexcmds)             that some package has redefined \expanded.
(etexcmds)             In the latter case, load this package earlier.
Package: kvsetkeys 2016/05/16 v1.17 Key value parser (HO)
Package: kvdefinekeys 2016/05/16 v1.4 Define keys (HO)
Package: pdftexcmds 2016/05/21 v0.22 Utility functions of pdfTeX for LuaTeX (HO
)
Package pdftexcmds Info: LuaTeX not detected.
Package pdftexcmds Info: \pdf@primitive is available.
Package pdftexcmds Info: \pdf@ifprimitive is available.
Package pdftexcmds Info: \pdfdraftmode found.
Package: pdfescape 2016/05/16 v1.14 Implements pdfTeX's escape features (HO)
Package: bigintcalc 2016/05/16 v1.4 Expandable calculations on big integers (HO
)
Package: bitset 2016/05/16 v1.2 Handle bit-vector datatype (HO)
Package: uniquecounter 2016/05/16 v1.3 Provide unlimited unique counter (HO)
)
Package hobsub Info: Skipping package `hobsub' (already loaded).
Package: letltxmacro 2016/05/16 v1.5 Let assignment for LaTeX macros (HO)
Package: hopatch 2016/05/16 v1.3 Wrapper for package hooks (HO)
Package: xcolor-patch 2016/05/16 xcolor patch
Package: atveryend 2016/05/16 v1.9 Hooks at the very end of document (HO)
Package atveryend Info: \enddocument detected (standard20110627).
Package: atbegshi 2016/06/09 v1.18 At begin shipout hook (HO)
Package: refcount 2016/05/16 v3.5 Data extraction from label references (HO)
Package: hycolor 2016/05/16 v1.8 Color options for hyperref/bookmark (HO)
)
("C:\Program Files (x86)\MiKTeX 2.9\tex\latex\oberdiek\auxhook.sty"
Package: auxhook 2016/05/16 v1.4 Hooks for auxiliary files (HO)
)
("C:\Program Files (x86)\MiKTeX 2.9\tex\latex\oberdiek\kvoptions.sty"
Package: kvoptions 2016/05/16 v3.12 Key value format for package options (HO)
)
\@linkdim=\dimen175
\Hy@linkcounter=\count139
\Hy@pagecounter=\count140

("C:\Program Files (x86)\MiKTeX 2.9\tex\latex\hyperref\pd1enc.def"
File: pd1enc.def 2016/06/24 v6.83q Hyperref: PDFDocEncoding definition (HO)
)
\Hy@SavedSpaceFactor=\count141

("C:\Program Files (x86)\MiKTeX 2.9\tex\latex\00miktex\hyperref.cfg"
File: hyperref.cfg 2002/06/06 v1.2 hyperref configuration of TeXLive
)
Package hyperref Info: Hyper figures OFF on input line 4486.
Package hyperref Info: Link nesting OFF on input line 4491.
Package hyperref Info: Hyper index ON on input line 4494.
Package hyperref Info: Plain pages OFF on input line 4501.
Package hyperref Info: Backreferencing OFF on input line 4506.
Package hyperref Info: Implicit mode ON; LaTeX internals redefined.
Package hyperref Info: Bookmarks ON on input line 4735.
\c@Hy@tempcnt=\count142
LaTeX Info: Redefining \url on input line 5088.
\XeTeXLinkMargin=\dimen176
\Fld@menulength=\count143
\Field@Width=\dimen177
\Fld@charsize=\dimen178
Package hyperref Info: Hyper figures OFF on input line 6342.
Package hyperref Info: Link nesting OFF on input line 6347.
Package hyperref Info: Hyper index ON on input line 6350.
Package hyperref Info: backreferencing OFF on input line 6357.
Package hyperref Info: Link coloring OFF on input line 6362.
Package hyperref Info: Link coloring with OCG OFF on input line 6367.
Package hyperref Info: PDF/A mode OFF on input line 6372.
LaTeX Info: Redefining \ref on input line 6412.
LaTeX Info: Redefining \pageref on input line 6416.
\Hy@abspage=\count144
\c@Item=\count145
\c@Hfootnote=\count146
)

Package hyperref Message: Driver (autodetected): hpdftex.

("C:\Program Files (x86)\MiKTeX 2.9\tex\latex\hyperref\hpdftex.def"
File: hpdftex.def 2016/06/24 v6.83q Hyperref driver for pdfTeX
\Fld@listcount=\count147
\c@bookmark@seq@number=\count148

("C:\Program Files (x86)\MiKTeX 2.9\tex\latex\oberdiek\rerunfilecheck.sty"
Package: rerunfilecheck 2016/05/16 v1.8 Rerun checks for auxiliary files (HO)
Package uniquecounter Info: New unique counter `rerunfilecheck' on input line 2
82.
)
\Hy@SectionHShift=\skip57
)
(C:\Users\Аксентьев\AppData\Roaming\MiKTeX\2.9\tex\latex\paralist\para
list.sty
Package: paralist 2016/08/07 v2.6 Extended list environments
\pltopsep=\skip58
\plpartopsep=\skip59
\plitemsep=\skip60
\plparsep=\skip61
\pl@lab=\toks21
)
(C:\Users\Аксентьев\AppData\Roaming\MiKTeX\2.9\tex\latex\pgf\frontendl
ayer\tikz.sty
(C:\Users\Аксентьев\AppData\Roaming\MiKTeX\2.9\tex\latex\pgf\basiclaye
r\pgf.sty
(C:\Users\Аксентьев\AppData\Roaming\MiKTeX\2.9\tex\latex\pgf\utilities
\pgfrcs.sty
(C:\Users\Аксентьев\AppData\Roaming\MiKTeX\2.9\tex\generic\pgf\utiliti
es\pgfutil-common.tex
\pgfutil@everybye=\toks22
\pgfutil@tempdima=\dimen179
\pgfutil@tempdimb=\dimen180

(C:\Users\Аксентьев\AppData\Roaming\MiKTeX\2.9\tex\generic\pgf\utiliti
es\pgfutil-common-lists.tex))
(C:\Users\Аксентьев\AppData\Roaming\MiKTeX\2.9\tex\generic\pgf\utiliti
es\pgfutil-latex.def
\pgfutil@abb=\box47

(C:\Users\Аксентьев\AppData\Roaming\MiKTeX\2.9\tex\latex\ms\everyshi.s
ty
Package: everyshi 2001/05/15 v3.00 EveryShipout Package (MS)
))
(C:\Users\Аксентьев\AppData\Roaming\MiKTeX\2.9\tex\generic\pgf\utiliti
es\pgfrcs.code.tex
Package: pgfrcs 2015/08/07 v3.0.1a (rcs-revision 1.31)
))
Package: pgf 2015/08/07 v3.0.1a (rcs-revision 1.15)

(C:\Users\Аксентьев\AppData\Roaming\MiKTeX\2.9\tex\latex\pgf\basiclaye
r\pgfcore.sty
(C:\Users\Аксентьев\AppData\Roaming\MiKTeX\2.9\tex\latex\pgf\systemlay
er\pgfsys.sty
(C:\Users\Аксентьев\AppData\Roaming\MiKTeX\2.9\tex\generic\pgf\systeml
ayer\pgfsys.code.tex
Package: pgfsys 2014/07/09 v3.0.1a (rcs-revision 1.48)

(C:\Users\Аксентьев\AppData\Roaming\MiKTeX\2.9\tex\generic\pgf\utiliti
es\pgfkeys.code.tex
\pgfkeys@pathtoks=\toks23
\pgfkeys@temptoks=\toks24

(C:\Users\Аксентьев\AppData\Roaming\MiKTeX\2.9\tex\generic\pgf\utiliti
es\pgfkeysfiltered.code.tex
\pgfkeys@tmptoks=\toks25
))
\pgf@x=\dimen181
\pgf@y=\dimen182
\pgf@xa=\dimen183
\pgf@ya=\dimen184
\pgf@xb=\dimen185
\pgf@yb=\dimen186
\pgf@xc=\dimen187
\pgf@yc=\dimen188
\w@pgf@writea=\write3
\r@pgf@reada=\read1
\c@pgf@counta=\count149
\c@pgf@countb=\count150
\c@pgf@countc=\count151
\c@pgf@countd=\count152
\t@pgf@toka=\toks26
\t@pgf@tokb=\toks27
\t@pgf@tokc=\toks28

(C:\Users\Аксентьев\AppData\Roaming\MiKTeX\2.9\tex\generic\pgf\systeml
ayer\pgf.cfg
File: pgf.cfg 2008/05/14  (rcs-revision 1.7)
)
Driver file for pgf: pgfsys-pdftex.def

(C:\Users\Аксентьев\AppData\Roaming\MiKTeX\2.9\tex\generic\pgf\systeml
ayer\pgfsys-pdftex.def
File: pgfsys-pdftex.def 2014/10/11  (rcs-revision 1.35)

(C:\Users\Аксентьев\AppData\Roaming\MiKTeX\2.9\tex\generic\pgf\systeml
ayer\pgfsys-common-pdf.def
File: pgfsys-common-pdf.def 2013/10/10  (rcs-revision 1.13)
)))
(C:\Users\Аксентьев\AppData\Roaming\MiKTeX\2.9\tex\generic\pgf\systeml
ayer\pgfsyssoftpath.code.tex
File: pgfsyssoftpath.code.tex 2013/09/09  (rcs-revision 1.9)
\pgfsyssoftpath@smallbuffer@items=\count153
\pgfsyssoftpath@bigbuffer@items=\count154
)
(C:\Users\Аксентьев\AppData\Roaming\MiKTeX\2.9\tex\generic\pgf\systeml
ayer\pgfsysprotocol.code.tex
File: pgfsysprotocol.code.tex 2006/10/16  (rcs-revision 1.4)
))
(C:\Users\Аксентьев\AppData\Roaming\MiKTeX\2.9\tex\latex\xcolor\xcolor
.sty
Package: xcolor 2016/05/11 v2.12 LaTeX color extensions (UK)
 ("C:\Program Files (x86)\MiKTeX 2.9\tex\latex\00miktex\color.cfg"
File: color.cfg 2016/01/02 v1.6 sample color configuration
)
Package xcolor Info: Driver file: pdftex.def on input line 225.
Package xcolor Info: Model `cmy' substituted by `cmy0' on input line 1348.
Package xcolor Info: Model `hsb' substituted by `rgb' on input line 1352.
Package xcolor Info: Model `RGB' extended on input line 1364.
Package xcolor Info: Model `HTML' substituted by `rgb' on input line 1366.
Package xcolor Info: Model `Hsb' substituted by `hsb' on input line 1367.
Package xcolor Info: Model `tHsb' substituted by `hsb' on input line 1368.
Package xcolor Info: Model `HSB' substituted by `hsb' on input line 1369.
Package xcolor Info: Model `Gray' substituted by `gray' on input line 1370.
Package xcolor Info: Model `wave' substituted by `hsb' on input line 1371.
)
(C:\Users\Аксентьев\AppData\Roaming\MiKTeX\2.9\tex\generic\pgf\basicla
yer\pgfcore.code.tex
Package: pgfcore 2010/04/11 v3.0.1a (rcs-revision 1.7)

(C:\Users\Аксентьев\AppData\Roaming\MiKTeX\2.9\tex\generic\pgf\math\pg
fmath.code.tex
(C:\Users\Аксентьев\AppData\Roaming\MiKTeX\2.9\tex\generic\pgf\math\pg
fmathcalc.code.tex
(C:\Users\Аксентьев\AppData\Roaming\MiKTeX\2.9\tex\generic\pgf\math\pg
fmathutil.code.tex)
(C:\Users\Аксентьев\AppData\Roaming\MiKTeX\2.9\tex\generic\pgf\math\pg
fmathparser.code.tex
\pgfmath@dimen=\dimen189
\pgfmath@count=\count155
\pgfmath@box=\box48
\pgfmath@toks=\toks29
\pgfmath@stack@operand=\toks30
\pgfmath@stack@operation=\toks31
)
(C:\Users\Аксентьев\AppData\Roaming\MiKTeX\2.9\tex\generic\pgf\math\pg
fmathfunctions.code.tex
(C:\Users\Аксентьев\AppData\Roaming\MiKTeX\2.9\tex\generic\pgf\math\pg
fmathfunctions.basic.code.tex)
(C:\Users\Аксентьев\AppData\Roaming\MiKTeX\2.9\tex\generic\pgf\math\pg
fmathfunctions.trigonometric.code.tex)
(C:\Users\Аксентьев\AppData\Roaming\MiKTeX\2.9\tex\generic\pgf\math\pg
fmathfunctions.random.code.tex)
(C:\Users\Аксентьев\AppData\Roaming\MiKTeX\2.9\tex\generic\pgf\math\pg
fmathfunctions.comparison.code.tex)
(C:\Users\Аксентьев\AppData\Roaming\MiKTeX\2.9\tex\generic\pgf\math\pg
fmathfunctions.base.code.tex)
(C:\Users\Аксентьев\AppData\Roaming\MiKTeX\2.9\tex\generic\pgf\math\pg
fmathfunctions.round.code.tex)
(C:\Users\Аксентьев\AppData\Roaming\MiKTeX\2.9\tex\generic\pgf\math\pg
fmathfunctions.misc.code.tex)
(C:\Users\Аксентьев\AppData\Roaming\MiKTeX\2.9\tex\generic\pgf\math\pg
fmathfunctions.integerarithmetics.code.tex)))
(C:\Users\Аксентьев\AppData\Roaming\MiKTeX\2.9\tex\generic\pgf\math\pg
fmathfloat.code.tex
\c@pgfmathroundto@lastzeros=\count156
))
(C:\Users\Аксентьев\AppData\Roaming\MiKTeX\2.9\tex\generic\pgf\basicla
yer\pgfcorepoints.code.tex
File: pgfcorepoints.code.tex 2013/10/07  (rcs-revision 1.27)
\pgf@picminx=\dimen190
\pgf@picmaxx=\dimen191
\pgf@picminy=\dimen192
\pgf@picmaxy=\dimen193
\pgf@pathminx=\dimen194
\pgf@pathmaxx=\dimen195
\pgf@pathminy=\dimen196
\pgf@pathmaxy=\dimen197
\pgf@xx=\dimen198
\pgf@xy=\dimen199
\pgf@yx=\dimen256
\pgf@yy=\dimen257
\pgf@zx=\dimen258
\pgf@zy=\dimen259
)
(C:\Users\Аксентьев\AppData\Roaming\MiKTeX\2.9\tex\generic\pgf\basicla
yer\pgfcorepathconstruct.code.tex
File: pgfcorepathconstruct.code.tex 2013/10/07  (rcs-revision 1.29)
\pgf@path@lastx=\dimen260
\pgf@path@lasty=\dimen261
)
(C:\Users\Аксентьев\AppData\Roaming\MiKTeX\2.9\tex\generic\pgf\basicla
yer\pgfcorepathusage.code.tex
File: pgfcorepathusage.code.tex 2014/11/02  (rcs-revision 1.24)
\pgf@shorten@end@additional=\dimen262
\pgf@shorten@start@additional=\dimen263
)
(C:\Users\Аксентьев\AppData\Roaming\MiKTeX\2.9\tex\generic\pgf\basicla
yer\pgfcorescopes.code.tex
File: pgfcorescopes.code.tex 2015/05/08  (rcs-revision 1.46)
\pgfpic=\box49
\pgf@hbox=\box50
\pgf@layerbox@main=\box51
\pgf@picture@serial@count=\count157
)
(C:\Users\Аксентьев\AppData\Roaming\MiKTeX\2.9\tex\generic\pgf\basicla
yer\pgfcoregraphicstate.code.tex
File: pgfcoregraphicstate.code.tex 2014/11/02  (rcs-revision 1.12)
\pgflinewidth=\dimen264
)
(C:\Users\Аксентьев\AppData\Roaming\MiKTeX\2.9\tex\generic\pgf\basicla
yer\pgfcoretransformations.code.tex
File: pgfcoretransformations.code.tex 2015/08/07  (rcs-revision 1.20)
\pgf@pt@x=\dimen265
\pgf@pt@y=\dimen266
\pgf@pt@temp=\dimen267
)
(C:\Users\Аксентьев\AppData\Roaming\MiKTeX\2.9\tex\generic\pgf\basicla
yer\pgfcorequick.code.tex
File: pgfcorequick.code.tex 2008/10/09  (rcs-revision 1.3)
)
(C:\Users\Аксентьев\AppData\Roaming\MiKTeX\2.9\tex\generic\pgf\basicla
yer\pgfcoreobjects.code.tex
File: pgfcoreobjects.code.tex 2006/10/11  (rcs-revision 1.2)
)
(C:\Users\Аксентьев\AppData\Roaming\MiKTeX\2.9\tex\generic\pgf\basicla
yer\pgfcorepathprocessing.code.tex
File: pgfcorepathprocessing.code.tex 2013/09/09  (rcs-revision 1.9)
)
(C:\Users\Аксентьев\AppData\Roaming\MiKTeX\2.9\tex\generic\pgf\basicla
yer\pgfcorearrows.code.tex
File: pgfcorearrows.code.tex 2015/05/14  (rcs-revision 1.43)
\pgfarrowsep=\dimen268
)
(C:\Users\Аксентьев\AppData\Roaming\MiKTeX\2.9\tex\generic\pgf\basicla
yer\pgfcoreshade.code.tex
File: pgfcoreshade.code.tex 2013/07/15  (rcs-revision 1.15)
\pgf@max=\dimen269
\pgf@sys@shading@range@num=\count158
)
(C:\Users\Аксентьев\AppData\Roaming\MiKTeX\2.9\tex\generic\pgf\basicla
yer\pgfcoreimage.code.tex
File: pgfcoreimage.code.tex 2013/07/15  (rcs-revision 1.18)

(C:\Users\Аксентьев\AppData\Roaming\MiKTeX\2.9\tex\generic\pgf\basicla
yer\pgfcoreexternal.code.tex
File: pgfcoreexternal.code.tex 2014/07/09  (rcs-revision 1.21)
\pgfexternal@startupbox=\box52
))
(C:\Users\Аксентьев\AppData\Roaming\MiKTeX\2.9\tex\generic\pgf\basicla
yer\pgfcorelayers.code.tex
File: pgfcorelayers.code.tex 2013/07/18  (rcs-revision 1.7)
)
(C:\Users\Аксентьев\AppData\Roaming\MiKTeX\2.9\tex\generic\pgf\basicla
yer\pgfcoretransparency.code.tex
File: pgfcoretransparency.code.tex 2013/09/30  (rcs-revision 1.5)
)
(C:\Users\Аксентьев\AppData\Roaming\MiKTeX\2.9\tex\generic\pgf\basicla
yer\pgfcorepatterns.code.tex
File: pgfcorepatterns.code.tex 2013/11/07  (rcs-revision 1.5)
)))
(C:\Users\Аксентьев\AppData\Roaming\MiKTeX\2.9\tex\generic\pgf\modules
\pgfmoduleshapes.code.tex
File: pgfmoduleshapes.code.tex 2014/03/21  (rcs-revision 1.35)
\pgfnodeparttextbox=\box53
)
(C:\Users\Аксентьев\AppData\Roaming\MiKTeX\2.9\tex\generic\pgf\modules
\pgfmoduleplot.code.tex
File: pgfmoduleplot.code.tex 2015/08/03  (rcs-revision 1.13)
)
(C:\Users\Аксентьев\AppData\Roaming\MiKTeX\2.9\tex\latex\pgf\compatibi
lity\pgfcomp-version-0-65.sty
Package: pgfcomp-version-0-65 2007/07/03 v3.0.1a (rcs-revision 1.7)
\pgf@nodesepstart=\dimen270
\pgf@nodesepend=\dimen271
)
(C:\Users\Аксентьев\AppData\Roaming\MiKTeX\2.9\tex\latex\pgf\compatibi
lity\pgfcomp-version-1-18.sty
Package: pgfcomp-version-1-18 2007/07/23 v3.0.1a (rcs-revision 1.1)
))
(C:\Users\Аксентьев\AppData\Roaming\MiKTeX\2.9\tex\latex\pgf\utilities
\pgffor.sty
(C:\Users\Аксентьев\AppData\Roaming\MiKTeX\2.9\tex\latex\pgf\utilities
\pgfkeys.sty
(C:\Users\Аксентьев\AppData\Roaming\MiKTeX\2.9\tex\generic\pgf\utiliti
es\pgfkeys.code.tex))
(C:\Users\Аксентьев\AppData\Roaming\MiKTeX\2.9\tex\latex\pgf\math\pgfm
ath.sty
(C:\Users\Аксентьев\AppData\Roaming\MiKTeX\2.9\tex\generic\pgf\math\pg
fmath.code.tex))
(C:\Users\Аксентьев\AppData\Roaming\MiKTeX\2.9\tex\generic\pgf\utiliti
es\pgffor.code.tex
Package: pgffor 2013/12/13 v3.0.1a (rcs-revision 1.25)

(C:\Users\Аксентьев\AppData\Roaming\MiKTeX\2.9\tex\generic\pgf\math\pg
fmath.code.tex)
\pgffor@iter=\dimen272
\pgffor@skip=\dimen273
\pgffor@stack=\toks32
\pgffor@toks=\toks33
))
(C:\Users\Аксентьев\AppData\Roaming\MiKTeX\2.9\tex\generic\pgf\fronten
dlayer\tikz\tikz.code.tex
Package: tikz 2015/08/07 v3.0.1a (rcs-revision 1.151)

(C:\Users\Аксентьев\AppData\Roaming\MiKTeX\2.9\tex\generic\pgf\librari
es\pgflibraryplothandlers.code.tex
File: pgflibraryplothandlers.code.tex 2013/08/31 v3.0.1a (rcs-revision 1.20)
\pgf@plot@mark@count=\count159
\pgfplotmarksize=\dimen274
)
\tikz@lastx=\dimen275
\tikz@lasty=\dimen276
\tikz@lastxsaved=\dimen277
\tikz@lastysaved=\dimen278
\tikzleveldistance=\dimen279
\tikzsiblingdistance=\dimen280
\tikz@figbox=\box54
\tikz@figbox@bg=\box55
\tikz@tempbox=\box56
\tikz@tempbox@bg=\box57
\tikztreelevel=\count160
\tikznumberofchildren=\count161
\tikznumberofcurrentchild=\count162
\tikz@fig@count=\count163

(C:\Users\Аксентьев\AppData\Roaming\MiKTeX\2.9\tex\generic\pgf\modules
\pgfmodulematrix.code.tex
File: pgfmodulematrix.code.tex 2013/09/17  (rcs-revision 1.8)
\pgfmatrixcurrentrow=\count164
\pgfmatrixcurrentcolumn=\count165
\pgf@matrix@numberofcolumns=\count166
)
\tikz@expandcount=\count167

(C:\Users\Аксентьев\AppData\Roaming\MiKTeX\2.9\tex\generic\pgf\fronten
dlayer\tikz\libraries\tikzlibrarytopaths.code.tex
File: tikzlibrarytopaths.code.tex 2008/06/17 v3.0.1a (rcs-revision 1.2)
)))
(C:\Users\Аксентьев\AppData\Roaming\MiKTeX\2.9\tex\latex\pgfplots\pgfp
lots.sty
(C:\Users\Аксентьев\AppData\Roaming\MiKTeX\2.9\tex\generic\pgfplots\pg
fplots.revision.tex)
Package: pgfplots 2016/08/10 v1.14 Data Visualization (1.14)

(C:\Users\Аксентьев\AppData\Roaming\MiKTeX\2.9\tex\generic\pgfplots\pg
fplots.code.tex
(C:\Users\Аксентьев\AppData\Roaming\MiKTeX\2.9\tex\generic\pgfplots\pg
fplotscore.code.tex
\t@pgfplots@toka=\toks34
\t@pgfplots@tokb=\toks35
\t@pgfplots@tokc=\toks36
\pgfplots@tmpa=\dimen281
\c@pgfplots@coordindex=\count168
\c@pgfplots@scanlineindex=\count169

(C:\Users\Аксентьев\AppData\Roaming\MiKTeX\2.9\tex\generic\pgfplots\sy
s\pgfplotssysgeneric.code.tex))
(C:\Users\Аксентьев\AppData\Roaming\MiKTeX\2.9\tex\generic\pgfplots\li
bs\pgfplotslibrary.code.tex)
(C:\Users\Аксентьев\AppData\Roaming\MiKTeX\2.9\tex\generic\pgfplots\ol
dpgfcompatib\pgfplotsoldpgfsupp_loader.code.tex
(C:\Users\Аксентьев\AppData\Roaming\MiKTeX\2.9\tex\generic\pgf\librari
es\pgflibraryfpu.code.tex)
Package pgfplots: loading complementary arithmetics for your pgf version...

(C:\Users\Аксентьев\AppData\Roaming\MiKTeX\2.9\tex\generic\pgfplots\ol
dpgfcompatib\pgfplotsoldpgfsupp_pgflibraryfpu.code.tex)
(C:\Users\Аксентьев\AppData\Roaming\MiKTeX\2.9\tex\generic\pgfplots\ol
dpgfcompatib\pgfplotsoldpgfsupp_pgfmathfloat.code.tex
\c@pgfmathroundto@lastzeros=\count170
))
(C:\Users\Аксентьев\AppData\Roaming\MiKTeX\2.9\tex\generic\pgfplots\ut
il\pgfplotsutil.code.tex
(C:\Users\Аксентьев\AppData\Roaming\MiKTeX\2.9\tex\generic\pgfplots\li
ststructure\pgfplotsliststructure.code.tex)
(C:\Users\Аксентьев\AppData\Roaming\MiKTeX\2.9\tex\generic\pgfplots\li
ststructure\pgfplotsliststructureext.code.tex)
(C:\Users\Аксентьев\AppData\Roaming\MiKTeX\2.9\tex\generic\pgfplots\li
ststructure\pgfplotsarray.code.tex
\c@pgfplotsarray@tmp=\count171
)
(C:\Users\Аксентьев\AppData\Roaming\MiKTeX\2.9\tex\generic\pgfplots\li
ststructure\pgfplotsmatrix.code.tex)
(C:\Users\Аксентьев\AppData\Roaming\MiKTeX\2.9\tex\generic\pgfplots\nu
mtable\pgfplotstableshared.code.tex
\c@pgfplotstable@counta=\count172
\t@pgfplotstable@a=\toks37
)
(C:\Users\Аксентьев\AppData\Roaming\MiKTeX\2.9\tex\generic\pgfplots\li
ststructure\pgfplotsdeque.code.tex)
(C:\Users\Аксентьев\AppData\Roaming\MiKTeX\2.9\tex\generic\pgfplots\ut
il\pgfplotsbinary.code.tex
(C:\Users\Аксентьев\AppData\Roaming\MiKTeX\2.9\tex\generic\pgfplots\ut
il\pgfplotsbinary.data.code.tex))
(C:\Users\Аксентьев\AppData\Roaming\MiKTeX\2.9\tex\generic\pgfplots\ut
il\pgfplotsutil.verb.code.tex)
(C:\Users\Аксентьев\AppData\Roaming\MiKTeX\2.9\tex\generic\pgfplots\li
bs\pgflibrarypgfplots.surfshading.code.tex
\c@pgfplotslibrarysurf@no=\count173

(C:\Users\Аксентьев\AppData\Roaming\MiKTeX\2.9\tex\generic\pgfplots\sy
s\pgflibrarypgfplots.surfshading.pgfsys-pdftex.def)))
(C:\Users\Аксентьев\AppData\Roaming\MiKTeX\2.9\tex\generic\pgfplots\ut
il\pgfplotscolormap.code.tex
(C:\Users\Аксентьев\AppData\Roaming\MiKTeX\2.9\tex\generic\pgfplots\ut
il\pgfplotscolor.code.tex))
(C:\Users\Аксентьев\AppData\Roaming\MiKTeX\2.9\tex\generic\pgfplots\pg
fplotsstackedplots.code.tex)
(C:\Users\Аксентьев\AppData\Roaming\MiKTeX\2.9\tex\generic\pgfplots\pg
fplotsplothandlers.code.tex
(C:\Users\Аксентьев\AppData\Roaming\MiKTeX\2.9\tex\generic\pgfplots\pg
fplotsmeshplothandler.code.tex
(C:\Users\Аксентьев\AppData\Roaming\MiKTeX\2.9\tex\generic\pgfplots\pg
fplotsmeshplotimage.code.tex)))
(C:\Users\Аксентьев\AppData\Roaming\MiKTeX\2.9\tex\generic\pgfplots\pg
fplots.scaling.code.tex)
(C:\Users\Аксентьев\AppData\Roaming\MiKTeX\2.9\tex\generic\pgfplots\pg
fplotscoordprocessing.code.tex)
(C:\Users\Аксентьев\AppData\Roaming\MiKTeX\2.9\tex\generic\pgfplots\pg
fplots.errorbars.code.tex)
(C:\Users\Аксентьев\AppData\Roaming\MiKTeX\2.9\tex\generic\pgfplots\pg
fplots.markers.code.tex)
(C:\Users\Аксентьев\AppData\Roaming\MiKTeX\2.9\tex\generic\pgfplots\pg
fplotsticks.code.tex)
(C:\Users\Аксентьев\AppData\Roaming\MiKTeX\2.9\tex\generic\pgfplots\pg
fplots.paths.code.tex)
(C:\Users\Аксентьев\AppData\Roaming\MiKTeX\2.9\tex\generic\pgf\fronten
dlayer\tikz\libraries\tikzlibrarydecorations.code.tex
(C:\Users\Аксентьев\AppData\Roaming\MiKTeX\2.9\tex\generic\pgf\modules
\pgfmoduledecorations.code.tex
\pgfdecoratedcompleteddistance=\dimen282
\pgfdecoratedremainingdistance=\dimen283
\pgfdecoratedinputsegmentcompleteddistance=\dimen284
\pgfdecoratedinputsegmentremainingdistance=\dimen285
\pgf@decorate@distancetomove=\dimen286
\pgf@decorate@repeatstate=\count174
\pgfdecorationsegmentamplitude=\dimen287
\pgfdecorationsegmentlength=\dimen288
)
\tikz@lib@dec@box=\box58
)
(C:\Users\Аксентьев\AppData\Roaming\MiKTeX\2.9\tex\generic\pgf\fronten
dlayer\tikz\libraries\tikzlibrarydecorations.pathmorphing.code.tex
(C:\Users\Аксентьев\AppData\Roaming\MiKTeX\2.9\tex\generic\pgf\librari
es\decorations\pgflibrarydecorations.pathmorphing.code.tex))
(C:\Users\Аксентьев\AppData\Roaming\MiKTeX\2.9\tex\generic\pgf\fronten
dlayer\tikz\libraries\tikzlibrarydecorations.pathreplacing.code.tex
(C:\Users\Аксентьев\AppData\Roaming\MiKTeX\2.9\tex\generic\pgf\librari
es\decorations\pgflibrarydecorations.pathreplacing.code.tex))
\pgfplots@numplots=\count175
\pgfplots@xmin@reg=\dimen289
\pgfplots@xmax@reg=\dimen290
\pgfplots@ymin@reg=\dimen291
\pgfplots@ymax@reg=\dimen292
\pgfplots@zmin@reg=\dimen293
\pgfplots@zmax@reg=\dimen294
)
(C:\Users\Аксентьев\AppData\Roaming\MiKTeX\2.9\tex\generic\pgf\fronten
dlayer\tikz\libraries\tikzlibraryplotmarks.code.tex
File: tikzlibraryplotmarks.code.tex 2008/01/09 v3.0.1a (rcs-revision 1.1)

(C:\Users\Аксентьев\AppData\Roaming\MiKTeX\2.9\tex\generic\pgf\librari
es\pgflibraryplotmarks.code.tex
File: pgflibraryplotmarks.code.tex 2015/08/03 v3.0.1a (rcs-revision 1.14)
)))
.................................................
. LaTeX info: "xparse/define-command"
. 
. Defining command \bkt with sig. 'sm' on line 26.
.................................................
.................................................
. LaTeX info: "xparse/define-command"
. 
. Defining command \Xpct with sig. 'mo' on line 27.
.................................................
.................................................
. LaTeX info: "xparse/define-command"
. 
. Defining command \SE with sig. 'mo' on line 28.
.................................................
.................................................
. LaTeX info: "xparse/define-command"
. 
. Defining command \SD with sig. 'mo' on line 29.
.................................................
.................................................
. LaTeX info: "xparse/define-command"
. 
. Defining command \var with sig. 'O{}mo' on line 32.
.................................................
.................................................
. LaTeX info: "xparse/define-command"
. 
. Defining command \Fisher with sig. 'O{}D(){\pars _0}' on line 37.
.................................................
.................................................
. LaTeX info: "xparse/define-command"
. 
. Defining command \XpctO with sig. 'm' on line 39.
.................................................
.................................................
. LaTeX info: "xparse/define-command"
. 
. Defining command \mupp with sig. 's' on line 41.
.................................................
.................................................
. LaTeX info: "xparse/define-command"
. 
. Defining command \mudpp with sig. 's' on line 42.
.................................................
)
(C:\Users\Аксентьев\AppData\Roaming\MiKTeX\2.9\tex\latex\wrapfig\wrapf
ig.sty
\wrapoverhang=\dimen295
\WF@size=\dimen296
\c@WF@wrappedlines=\count176
\WF@box=\box59
\WF@everypar=\toks38
Package: wrapfig 2003/01/31  v 3.6
)
(C:\Users\Аксентьев\AppData\Roaming\MiKTeX\2.9\tex\generic\pgfplots\li
bs\tikzlibrarypgfplots.fillbetween.code.tex
(C:\Users\Аксентьев\AppData\Roaming\MiKTeX\2.9\tex\generic\pgfplots\pg
fcontrib\tikzlibraryfillbetween.code.tex
(C:\Users\Аксентьев\AppData\Roaming\MiKTeX\2.9\tex\generic\pgf\fronten
dlayer\tikz\libraries\tikzlibraryintersections.code.tex
(C:\Users\Аксентьев\AppData\Roaming\MiKTeX\2.9\tex\generic\pgf\librari
es\pgflibraryintersections.code.tex
\pgf@intersect@solutions=\count177
))
(C:\Users\Аксентьев\AppData\Roaming\MiKTeX\2.9\tex\generic\pgfplots\pg
fcontrib\tikzlibrarydecorations.softclip.code.tex
(C:\Users\Аксентьев\AppData\Roaming\MiKTeX\2.9\tex\generic\pgfplots\pg
fcontrib\pgflibraryfillbetween.code.tex)))
(C:\Users\Аксентьев\AppData\Roaming\MiKTeX\2.9\tex\generic\pgfplots\li
bs\tikzlibrarypgfplots.decorations.softclip.code.tex)) (StatReq.aux)
\openout1 = `StatReq.aux'.

LaTeX Font Info:    Checking defaults for OML/cmm/m/it on input line 12.
LaTeX Font Info:    ... okay on input line 12.
LaTeX Font Info:    Checking defaults for T1/cmr/m/n on input line 12.
LaTeX Font Info:    ... okay on input line 12.
LaTeX Font Info:    Checking defaults for OT1/cmr/m/n on input line 12.
LaTeX Font Info:    ... okay on input line 12.
LaTeX Font Info:    Checking defaults for OMS/cmsy/m/n on input line 12.
LaTeX Font Info:    ... okay on input line 12.
LaTeX Font Info:    Checking defaults for OMX/cmex/m/n on input line 12.
LaTeX Font Info:    ... okay on input line 12.
LaTeX Font Info:    Checking defaults for U/cmr/m/n on input line 12.
LaTeX Font Info:    ... okay on input line 12.
LaTeX Font Info:    Checking defaults for TS1/cmr/m/n on input line 12.
LaTeX Font Info:    Try loading font information for TS1+cmr on input line 12.

("C:\Program Files (x86)\MiKTeX 2.9\tex\latex\base\ts1cmr.fd"
File: ts1cmr.fd 2014/09/29 v2.5h Standard LaTeX font definitions
)
LaTeX Font Info:    ... okay on input line 12.
LaTeX Font Info:    Checking defaults for PD1/pdf/m/n on input line 12.
LaTeX Font Info:    ... okay on input line 12.

*geometry* driver: auto-detecting
*geometry* detected driver: pdftex
*geometry* verbose mode - [ preamble ] result:
* driver: pdftex
* paper: <default>
* layout: <same size as paper>
* layoutoffset:(h,v)=(0.0pt,0.0pt)
* modes: 
* h-part:(L,W,R)=(28.45274pt, 557.38951pt, 28.45274pt)
* v-part:(T,H,B)=(28.45274pt, 723.83812pt, 42.67912pt)
* \paperwidth=614.295pt
* \paperheight=794.96999pt
* \textwidth=557.38951pt
* \textheight=723.83812pt
* \oddsidemargin=-43.81725pt
* \evensidemargin=-43.81725pt
* \topmargin=-80.81725pt
* \headheight=12.0pt
* \headsep=25.0pt
* \topskip=10.0pt
* \footskip=30.0pt
* \marginparwidth=65.0pt
* \marginparsep=11.0pt
* \columnsep=10.0pt
* \skip\footins=9.0pt plus 4.0pt minus 2.0pt
* \hoffset=0.0pt
* \voffset=0.0pt
* \mag=1000
* \@twocolumnfalse
* \@twosidefalse
* \@mparswitchfalse
* \@reversemarginfalse
* (1in=72.27pt=25.4mm, 1cm=28.453pt)

Package caption Info: Begin \AtBeginDocument code.
Package caption Info: hyperref package is loaded.
Package caption Info: threeparttable package is loaded.
Package caption Info: wrapfig package is loaded.
Package caption Info: End \AtBeginDocument code.

(C:\Users\Аксентьев\AppData\Roaming\MiKTeX\2.9\tex\context\base\supp-p
df.mkii
[Loading MPS to PDF converter (version 2006.09.02).]
\scratchcounter=\count178
\scratchdimen=\dimen297
\scratchbox=\box60
\nofMPsegments=\count179
\nofMParguments=\count180
\everyMPshowfont=\toks39
\MPscratchCnt=\count181
\MPscratchDim=\dimen298
\MPnumerator=\count182
\makeMPintoPDFobject=\count183
\everyMPtoPDFconversion=\toks40
) ("C:\Program Files (x86)\MiKTeX 2.9\tex\latex\oberdiek\epstopdf-base.sty"
Package: epstopdf-base 2016/05/15 v2.6 Base part for package epstopdf

("C:\Program Files (x86)\MiKTeX 2.9\tex\latex\oberdiek\grfext.sty"
Package: grfext 2016/05/16 v1.2 Manage graphics extensions (HO)
)
Package epstopdf-base Info: Redefining graphics rule for `.eps' on input line 4
38.
Package grfext Info: Graphics extension search list:
(grfext)             [.png,.pdf,.jpg,.mps,.jpeg,.jbig2,.jb2,.PNG,.PDF,.JPG,.JPE
G,.JBIG2,.JB2,.eps]
(grfext)             \AppendGraphicsExtensions on input line 456.
)
\AtBeginShipoutBox=\box61
Package hyperref Info: Link coloring OFF on input line 12.

("C:\Program Files (x86)\MiKTeX 2.9\tex\latex\hyperref\nameref.sty"
Package: nameref 2016/05/21 v2.44 Cross-referencing by name of section

("C:\Program Files (x86)\MiKTeX 2.9\tex\generic\oberdiek\gettitlestring.sty"
Package: gettitlestring 2016/05/16 v1.5 Cleanup title references (HO)
)
\c@section@level=\count184
)
LaTeX Info: Redefining \ref on input line 12.
LaTeX Info: Redefining \pageref on input line 12.
LaTeX Info: Redefining \nameref on input line 12.

(StatReq.out) (StatReq.out)
\@outlinefile=\write4
\openout4 = `StatReq.out'.

 ABD: EveryShipout initializing macros

Package pgfplots Warning: running in backwards compatibility mode (unsuitable t
ick labels; missing features). Consider writing \pgfplotsset{compat=1.14} into 
your preamble.
 on input line 12.

LaTeX Font Info:    Calculating math sizes for size <6.99997> on input line 18.


LaTeX Font Warning: Font shape `OT1/cmr/m/n' in size <3.49998> not available
(Font)              size <5> substituted on input line 18.


LaTeX Font Warning: Font shape `OML/cmm/m/it' in size <3.49998> not available
(Font)              size <5> substituted on input line 18.


LaTeX Font Warning: Font shape `OMS/cmsy/m/n' in size <3.49998> not available
(Font)              size <5> substituted on input line 18.


LaTeX Warning: `h' float specifier changed to `ht'.

[1

{C:/Users/Аксентьев/AppData/Local/MiKTeX/2.9/pdftex/config/pdftex.map}
] [2] [3]
Package atveryend Info: Empty hook `BeforeClearDocument' on input line 142.
Package atveryend Info: Empty hook `AfterLastShipout' on input line 142.
 (StatReq.aux)
Package atveryend Info: Executing hook `AtVeryEndDocument' on input line 142.
Package atveryend Info: Executing hook `AtEndAfterFileList' on input line 142.
Package rerunfilecheck Info: File `StatReq.out' has not changed.
(rerunfilecheck)             Checksum: B494515BB51810C292CDCCB2CEBAFB49;146.


LaTeX Font Warning: Size substitutions with differences
(Font)              up to 4.12502pt have occurred.

Package atveryend Info: Empty hook `AtVeryVeryEnd' on input line 142.
 ) 
Here is how much of TeX's memory you used:
 36293 strings out of 493334
 856541 string characters out of 3136633
 1032410 words of memory out of 3000000
 39314 multiletter control sequences out of 15000+200000
 13480 words of font info for 51 fonts, out of 3000000 for 9000
 1141 hyphenation exceptions out of 8191
 69i,27n,98p,10399b,2194s stack positions out of 5000i,500n,10000p,200000b,50000s
<C:/Program Files (x86)/MiKTeX 2.9/fonts/type1/public/amsfonts/cm/cmbx12.pfb>
<C:/Program Files (x86)/MiKTeX 2.9/fonts/type1/public/amsfonts/cm/cmex10.pfb><C
:/Program Files (x86)/MiKTeX 2.9/fonts/type1/public/amsfonts/cmextra/cmex7.pfb>
<C:/Program Files (x86)/MiKTeX 2.9/fonts/type1/public/amsfonts/cm/cmmi10.pfb><C
:/Program Files (x86)/MiKTeX 2.9/fonts/type1/public/amsfonts/cm/cmmi5.pfb><C:/P
rogram Files (x86)/MiKTeX 2.9/fonts/type1/public/amsfonts/cm/cmmi6.pfb><C:/Prog
ram Files (x86)/MiKTeX 2.9/fonts/type1/public/amsfonts/cm/cmmi7.pfb><C:/Program
 Files (x86)/MiKTeX 2.9/fonts/type1/public/amsfonts/cm/cmmi8.pfb><C:/Program Fi
les (x86)/MiKTeX 2.9/fonts/type1/public/amsfonts/cm/cmmib10.pfb><C:/Program Fil
es (x86)/MiKTeX 2.9/fonts/type1/public/amsfonts/cm/cmr10.pfb><C:/Program Files 
(x86)/MiKTeX 2.9/fonts/type1/public/amsfonts/cm/cmr5.pfb><C:/Program Files (x86
)/MiKTeX 2.9/fonts/type1/public/amsfonts/cm/cmr6.pfb><C:/Program Files (x86)/Mi
KTeX 2.9/fonts/type1/public/amsfonts/cm/cmr7.pfb><C:/Program Files (x86)/MiKTeX
 2.9/fonts/type1/public/amsfonts/cm/cmr8.pfb><C:/Program Files (x86)/MiKTeX 2.9
/fonts/type1/public/amsfonts/cm/cmsy10.pfb><C:/Program Files (x86)/MiKTeX 2.9/f
onts/type1/public/amsfonts/cm/cmsy7.pfb><C:/Program Files (x86)/MiKTeX 2.9/font
s/type1/public/amsfonts/cm/cmti10.pfb>
Output written on StatReq.pdf (3 pages, 196776 bytes).
PDF statistics:
 117 PDF objects out of 1000 (max. 8388607)
 19 named destinations out of 1000 (max. 500000)
 29 words of extra memory for PDF output out of 10000 (max. 10000000)

